#
# There is insufficient memory for the Java Runtime Environment to continue.
# Native memory allocation (malloc) failed to allocate 1048576 bytes for AllocateHeap
# Possible reasons:
#   The system is out of physical RAM or swap space
#   In 32 bit mode, the process size limit was hit
# Possible solutions:
#   Reduce memory load on the system
#   Increase physical memory or swap space
#   Check if swap backing store is full
#   Use 64 bit Java on a 64 bit OS
#   Decrease Java heap size (-Xmx/-Xms)
#   Decrease number of Java threads
#   Decrease Java thread stack sizes (-Xss)
#   Set larger code cache with -XX:ReservedCodeCacheSize=
# This output file may be truncated or incomplete.
#
#  Out of Memory Error (memory/allocation.inline.hpp:61), pid=8260, tid=0x0000000000001df0
#
# JRE version:  (8.0_101-b13) (build )
# Java VM: Java HotSpot(TM) 64-Bit Server VM (25.101-b13 mixed mode windows-amd64 compressed oops)
# Failed to write core dump. Minidumps are not enabled by default on client versions of Windows
#

---------------  T H R E A D  ---------------

Current thread (0x0000000004b7e000):  JavaThread "Unknown thread" [_thread_in_vm, id=7664, stack(0x00000000049d0000,0x0000000004ad0000)]

Stack: [0x00000000049d0000,0x0000000004ad0000]
[error occurred during error reporting (printing stack bounds), id 0xc0000005]

Native frames: (J=compiled Java code, j=interpreted, Vv=VM code, C=native code)


---------------  P R O C E S S  ---------------

Java Threads: ( => current thread )

Other Threads:

=>0x0000000004b7e000 (exited) JavaThread "Unknown thread" [_thread_in_vm, id=7664, stack(0x00000000049d0000,0x0000000004ad0000)]

VM state:not at safepoint (normal execution)

VM Mutex/Monitor currently owned by a thread: None

Heap:
 PSYoungGen      total 38400K, used 665K [0x00000000d5b80000, 0x00000000d8600000, 0x0000000100000000)
  eden space 33280K, 2% used [0x00000000d5b80000,0x00000000d5c26670,0x00000000d7c00000)
  from space 5120K, 0% used [0x00000000d8100000,0x00000000d8100000,0x00000000d8600000)
  to   space 5120K, 0% used [0x00000000d7c00000,0x00000000d7c00000,0x00000000d8100000)
 ParOldGen       total 87552K, used 0K [0x0000000081200000, 0x0000000086780000, 0x00000000d5b80000)
  object space 87552K, 0% used [0x0000000081200000,0x0000000081200000,0x0000000086780000)
 Metaspace       used 746K, capacity 4480K, committed 4480K, reserved 1056768K
  class space    used 75K, capacity 384K, committed 384K, reserved 1048576K

Card table byte_map: [0x0000000014040000,0x0000000014440000] byte_map_base: 0x0000000013c37000

Marking Bits: (ParMarkBitMap*) 0x00000000721aa6d0
 Begin Bits: [0x0000000014af0000, 0x0000000016aa8000)
 End Bits:   [0x0000000016aa8000, 0x0000000018a60000)

Polling page: 0x0000000002f10000

CodeCache: size=245760Kb used=328Kb max_used=328Kb free=245431Kb
 bounds [0x0000000004c80000, 0x0000000004ef0000, 0x0000000013c80000]
 total_blobs=58 nmethods=0 adapters=38
 compilation: enabled

Compilation events (0 events):
No events

GC Heap History (0 events):
No events

Deoptimization events (0 events):
No events

Internal exceptions (0 events):
No events

Events (10 events):
Event: 0.046 loading class java/lang/Short
Event: 0.046 loading class java/lang/Short done
Event: 0.046 loading class java/lang/Integer
Event: 0.046 loading class java/lang/Integer done
Event: 0.046 loading class java/lang/Long
Event: 0.046 loading class java/lang/Long done
Event: 0.047 loading class java/lang/NullPointerException
Event: 0.047 loading class java/lang/NullPointerException done
Event: 0.047 loading class java/lang/ArithmeticException
Event: 0.047 loading class java/lang/ArithmeticException done


Dynamic libraries:
0x00007ff658260000 - 0x00007ff658297000 	C:\Program Files\Java\jre1.8.0_101\bin\javaw.exe
0x00007ff9becd0000 - 0x00007ff9beeb0000 	C:\WINDOWS\SYSTEM32\ntdll.dll
0x00007ff9bc750000 - 0x00007ff9bc7fe000 	C:\WINDOWS\System32\KERNEL32.DLL
0x00007ff9bb150000 - 0x00007ff9bb3b6000 	C:\WINDOWS\System32\KERNELBASE.dll
0x00007ff9bd4a0000 - 0x00007ff9bd541000 	C:\WINDOWS\System32\ADVAPI32.dll
0x00007ff9bec00000 - 0x00007ff9bec9d000 	C:\WINDOWS\System32\msvcrt.dll
0x00007ff9bd710000 - 0x00007ff9bd76b000 	C:\WINDOWS\System32\sechost.dll
0x00007ff9bcb30000 - 0x00007ff9bcc4f000 	C:\WINDOWS\System32\RPCRT4.dll
0x00007ff9bc970000 - 0x00007ff9bcaff000 	C:\WINDOWS\System32\USER32.dll
0x00007ff9bbdc0000 - 0x00007ff9bbde0000 	C:\WINDOWS\System32\win32u.dll
0x00007ff9bcb00000 - 0x00007ff9bcb28000 	C:\WINDOWS\System32\GDI32.dll
0x00007ff9bc000000 - 0x00007ff9bc193000 	C:\WINDOWS\System32\gdi32full.dll
0x00007ff9bbc10000 - 0x00007ff9bbcab000 	C:\WINDOWS\System32\msvcp_win.dll
0x00007ff9bb3c0000 - 0x00007ff9bb4b6000 	C:\WINDOWS\System32\ucrtbase.dll
0x00007ff9ad3c0000 - 0x00007ff9ad629000 	C:\WINDOWS\WinSxS\amd64_microsoft.windows.common-controls_6595b64144ccf1df_6.0.16299.309_none_15cfd4c4935e6b11\COMCTL32.dll
0x00007ff9bc200000 - 0x00007ff9bc508000 	C:\WINDOWS\System32\combase.dll
0x00007ff9bb0d0000 - 0x00007ff9bb142000 	C:\WINDOWS\System32\bcryptPrimitives.dll
0x00007ff9bebd0000 - 0x00007ff9bebfd000 	C:\WINDOWS\System32\IMM32.DLL
0x000000006fda0000 - 0x000000006fe72000 	C:\Program Files\Java\jre1.8.0_101\bin\msvcr100.dll
0x0000000071990000 - 0x000000007222a000 	C:\Program Files\Java\jre1.8.0_101\bin\server\jvm.dll
0x00007ff9bc730000 - 0x00007ff9bc738000 	C:\WINDOWS\System32\PSAPI.DLL
0x00007ff9b9ee0000 - 0x00007ff9b9ee9000 	C:\WINDOWS\SYSTEM32\WSOCK32.dll
0x00007ff9bd100000 - 0x00007ff9bd16c000 	C:\WINDOWS\System32\WS2_32.dll
0x00007ff9b8ce0000 - 0x00007ff9b8d03000 	C:\WINDOWS\SYSTEM32\WINMM.dll
0x00007ff9ac9b0000 - 0x00007ff9ac9ba000 	C:\WINDOWS\SYSTEM32\VERSION.dll
0x00007ff9b8c10000 - 0x00007ff9b8c3a000 	C:\WINDOWS\SYSTEM32\WINMMBASE.dll
0x00007ff9bbfb0000 - 0x00007ff9bbffa000 	C:\WINDOWS\System32\cfgmgr32.dll
0x00000000718a0000 - 0x00000000718af000 	C:\Program Files\Java\jre1.8.0_101\bin\verify.dll
0x0000000071870000 - 0x0000000071899000 	C:\Program Files\Java\jre1.8.0_101\bin\java.dll
0x0000000071810000 - 0x0000000071826000 	C:\Program Files\Java\jre1.8.0_101\bin\zip.dll

VM Arguments:
jvm_args: -Dfile.encoding=UTF-8 
java_command: com.csvreader.data.DataReader.LoadData
java_class_path (initial): C:\Program Files\Java\jre1.8.0_101\lib\resources.jar;C:\Program Files\Java\jre1.8.0_101\lib\rt.jar;C:\Program Files\Java\jre1.8.0_101\lib\jsse.jar;C:\Program Files\Java\jre1.8.0_101\lib\jce.jar;C:\Program Files\Java\jre1.8.0_101\lib\charsets.jar;C:\Program Files\Java\jre1.8.0_101\lib\jfr.jar;C:\Program Files\Java\jre1.8.0_101\lib\ext\access-bridge-64.jar;C:\Program Files\Java\jre1.8.0_101\lib\ext\cldrdata.jar;C:\Program Files\Java\jre1.8.0_101\lib\ext\dnsns.jar;C:\Program Files\Java\jre1.8.0_101\lib\ext\jaccess.jar;C:\Program Files\Java\jre1.8.0_101\lib\ext\jfxrt.jar;C:\Program Files\Java\jre1.8.0_101\lib\ext\localedata.jar;C:\Program Files\Java\jre1.8.0_101\lib\ext\nashorn.jar;C:\Program Files\Java\jre1.8.0_101\lib\ext\sunec.jar;C:\Program Files\Java\jre1.8.0_101\lib\ext\sunjce_provider.jar;C:\Program Files\Java\jre1.8.0_101\lib\ext\sunmscapi.jar;C:\Program Files\Java\jre1.8.0_101\lib\ext\sunpkcs11.jar;C:\Program Files\Java\jre1.8.0_101\lib\ext\zipfs.jar;C:\Users\kishore\git\DataLoading\DataReader\target\classes;F:\mysql-connector-java-5.1.46\mysql-connector-java-5.1.46.jar;F:\mysql-connector-java-5.1.46\mysql-connector-java-5.1.46-bin.jar;C:\Users\kishore\.m2\repository\log4j\log4j\1.2.17\log4j-1.2.17.jar
Launcher Type: SUN_STANDARD

Environment Variables:
JAVA_HOME=C:\Program Files\Java\jdk1.8.0_77
CLASSPATH=D:\Practice
PATH=C:/Program Files/Java/jre1.8.0_101/bin/server;C:/Program Files/Java/jre1.8.0_101/bin;C:/Program Files/Java/jre1.8.0_101/lib/amd64;C:\Program Files (x86)\Windows Resource Kits\Tools\;C:\ProgramData\Oracle\Java\javapath;C:\Program Files (x86)\Intel\iCLS Client\;C:\Program Files\Intel\iCLS Client\;C:\WINDOWS\system32;C:\WINDOWS;C:\WINDOWS\System32\Wbem;C:\WINDOWS\System32\WindowsPowerShell\v1.0\;C:\Program Files\Java\jdk1.8.0_77\bin;C:\Program Files\TortoiseSVN\bin;C:\Program Files\IDM Computer Solutions\UltraCompare;E:\apache-ant-1.9.7\bin;C:\Appium\sdk\platform-tools;C:\Appium\sdk\tools;D:\axis2-1.6.2\bin;E:\apache-maven-3.3.9\bin;DERBY_HOME/bin;C:\Program Files (x86)\Intel\Intel(R) Management Engine Components\DAL;C:\Program Files\Intel\Intel(R) Management Engine Components\DAL;C:\Program Files (x86)\Intel\Intel(R) Management Engine Components\IPT;C:\Program Files\Intel\Intel(R) Management Engine Components\IPT;C:\Program Files\Git\cmd;C:\Program Files (x86)\GitExtensions\;C:\Program Files (x86)\Skype\Phone\;C:\Program Files (x86)\Brackets\command;C:\Users\kishore\AppData\Local\Microsoft\WindowsApps;;C:\Program Files (x86)\Microsoft VS Code\bin;F:\eclipse-jee-oxygen-2-win32-x86_64\eclipse;
USERNAME=kishore
OS=Windows_NT
PROCESSOR_IDENTIFIER=Intel64 Family 6 Model 69 Stepping 1, GenuineIntel



---------------  S Y S T E M  ---------------

OS: Windows 10.0 , 64 bit Build 16299 (10.0.16299.15)

CPU:total 4 (2 cores per cpu, 2 threads per core) family 6 model 69 stepping 1, cmov, cx8, fxsr, mmx, sse, sse2, sse3, ssse3, sse4.1, sse4.2, popcnt, avx, avx2, aes, clmul, erms, lzcnt, ht, tsc, tscinvbit, bmi1, bmi2

Memory: 4k page, physical 8311064k(653128k free), swap 8311064k(5612k free)

vm_info: Java HotSpot(TM) 64-Bit Server VM (25.101-b13) for windows-amd64 JRE (1.8.0_101-b13), built on Jun 22 2016 01:21:29 by "java_re" with MS VC++ 10.0 (VS2010)

time: Sun Mar 25 03:01:00 2018
elapsed time: 0 seconds (0d 0h 0m 0s)

